{"name": "test_create_order[GREY]", "status": "failed", "statusDetails": {"message": "AssertionError: assert ('track' in {'code': 500, 'message': 'values.map is not a function'})\n +  where {'code': 500, 'message': 'values.map is not a function'} = <bound method Response.json of <Response [500]>>()\n +    where <bound method Response.json of <Response [500]>> = <Response [500]>.json", "trace": "self = <test_create_order.TestCreateOrder object at 0x10e9132d0>, color_value = 'GREY'\n\n    def test_create_order(self, color_value):\n        order = {\n            'firstName': 'Naruto',\n            'lastName': 'Uchiha',\n            'address': 'Konoha, 142 apt.',\n            'metroStation': 4,\n            'phone': '+7 800 355 35 35',\n            'rentTime': 5,\n            'deliveryDate': '2020-06-06',\n            'comment': 'Saske, come back to Konoha',\n            'color': color_value\n        }\n        response = requests.post(f'{MAIN_PAGE_URL}/{API_ORDERS}', data=order)\n>       assert 'track' in response.json() and response.status_code == 201\nE       AssertionError: assert ('track' in {'code': 500, 'message': 'values.map is not a function'})\nE        +  where {'code': 500, 'message': 'values.map is not a function'} = <bound method Response.json of <Response [500]>>()\nE        +    where <bound method Response.json of <Response [500]>> = <Response [500]>.json\n\ntests/test_create_order.py:26: AssertionError"}, "description": "При создании заказа можно указать один цвет, оба цвета (BLACK, GREY) или не указывать цвет вовсе. В теле ответа содержится слово track", "parameters": [{"name": "color_value", "value": "'GREY'"}], "start": 1720035440511, "stop": 1720035440599, "uuid": "bf801f14-48ab-4675-87d3-10878f6e2141", "historyId": "155d3726a69da6de4cc489bee1af78ee", "testCaseId": "76746e255e8591fe61fc4985091fde8e", "fullName": "tests.test_create_order.TestCreateOrder#test_create_order", "labels": [{"name": "parentSuite", "value": "tests"}, {"name": "suite", "value": "test_create_order"}, {"name": "subSuite", "value": "TestCreateOrder"}, {"name": "host", "value": "Murlocs-MacBook-Air.local"}, {"name": "thread", "value": "26938-MainThread"}, {"name": "framework", "value": "pytest"}, {"name": "language", "value": "cpython3"}, {"name": "package", "value": "tests.test_create_order"}]}